Flow report for multiprocessor
Fri May 15 14:06:54 2020
Quartus Prime Version 18.1.0 Build 625 09/12/2018 SJ Lite Edition


---------------------
; Table of Contents ;
---------------------
  1. Legal Notice
  2. Flow Summary
  3. Flow Settings
  4. Flow Non-Default Global Settings
  5. Flow Elapsed Time
  6. Flow OS Summary
  7. Flow Log
  8. Flow Messages
  9. Flow Suppressed Messages



----------------
; Legal Notice ;
----------------
Copyright (C) 2018  Intel Corporation. All rights reserved.
Your use of Intel Corporation's design tools, logic functions 
and other software and tools, and its AMPP partner logic 
functions, and any output files from any of the foregoing 
(including device programming or simulation files), and any 
associated documentation or information are expressly subject 
to the terms and conditions of the Intel Program License 
Subscription Agreement, the Intel Quartus Prime License Agreement,
the Intel FPGA IP License Agreement, or other applicable license
agreement, including, without limitation, that your use is for
the sole purpose of programming logic devices manufactured by
Intel and sold by Intel or its authorized distributors.  Please
refer to the applicable agreement for further details.



+-------------------------------------------------------------------------------+
; Flow Summary                                                                  ;
+---------------------------------+---------------------------------------------+
; Flow Status                     ; Successful - Fri May 15 14:06:54 2020       ;
; Quartus Prime Version           ; 18.1.0 Build 625 09/12/2018 SJ Lite Edition ;
; Revision Name                   ; multiprocessor                              ;
; Top-level Entity Name           ; DE1_SoC_top_level                           ;
; Family                          ; Cyclone V                                   ;
; Device                          ; 5CSEMA5F31C6                                ;
; Timing Models                   ; Final                                       ;
; Logic utilization (in ALMs)     ; 3,980 / 32,070 ( 12 % )                     ;
; Total registers                 ; 5950                                        ;
; Total pins                      ; 15 / 457 ( 3 % )                            ;
; Total virtual pins              ; 0                                           ;
; Total block memory bits         ; 1,241,216 / 4,065,280 ( 31 % )              ;
; Total DSP Blocks                ; 6 / 87 ( 7 % )                              ;
; Total HSSI RX PCSs              ; 0                                           ;
; Total HSSI PMA RX Deserializers ; 0                                           ;
; Total HSSI TX PCSs              ; 0                                           ;
; Total HSSI PMA TX Serializers   ; 0                                           ;
; Total PLLs                      ; 0 / 6 ( 0 % )                               ;
; Total DLLs                      ; 0 / 4 ( 0 % )                               ;
+---------------------------------+---------------------------------------------+


+-----------------------------------------+
; Flow Settings                           ;
+-------------------+---------------------+
; Option            ; Setting             ;
+-------------------+---------------------+
; Start date & time ; 05/15/2020 13:55:22 ;
; Main task         ; Compilation         ;
; Revision Name     ; multiprocessor      ;
+-------------------+---------------------+


+--------------------------------------------------------------------------------------------------------------------------------------------------------------------------------+
; Flow Non-Default Global Settings                                                                                                                                               ;
+-------------------------------------+----------------------------------------------------------------------------------+----------------+-------------------+------------------+
; Assignment Name                     ; Value                                                                            ; Default Value  ; Entity Name       ; Section Id       ;
+-------------------------------------+----------------------------------------------------------------------------------+----------------+-------------------+------------------+
; COMPILER_SIGNATURE_ID               ; 8796760118786.158954372103557                                                    ; --             ; --                ; --               ;
; EDA_OUTPUT_DATA_FORMAT              ; Vhdl                                                                             ; --             ; --                ; eda_simulation   ;
; EDA_SIMULATION_TOOL                 ; ModelSim-Altera (VHDL)                                                           ; <None>         ; --                ; --               ;
; EDA_TIME_SCALE                      ; 1 ps                                                                             ; --             ; --                ; eda_simulation   ;
; ENABLE_SIGNALTAP                    ; On                                                                               ; --             ; --                ; --               ;
; MAX_CORE_JUNCTION_TEMP              ; 85                                                                               ; --             ; --                ; --               ;
; MIN_CORE_JUNCTION_TEMP              ; 0                                                                                ; --             ; --                ; --               ;
; PARTITION_COLOR                     ; -- (Not supported for targeted family)                                           ; --             ; DE1_SoC_top_level ; Top              ;
; PARTITION_FITTER_PRESERVATION_LEVEL ; -- (Not supported for targeted family)                                           ; --             ; DE1_SoC_top_level ; Top              ;
; PARTITION_NETLIST_TYPE              ; -- (Not supported for targeted family)                                           ; --             ; DE1_SoC_top_level ; Top              ;
; POWER_BOARD_THERMAL_MODEL           ; None (CONSERVATIVE)                                                              ; --             ; --                ; --               ;
; POWER_PRESET_COOLING_SOLUTION       ; 23 MM HEAT SINK WITH 200 LFPM AIRFLOW                                            ; --             ; --                ; --               ;
; PROJECT_OUTPUT_DIRECTORY            ; output_files                                                                     ; --             ; --                ; --               ;
; SLD_FILE                            ; db/LEDs_Measurement_auto_stripped.stp                                            ; --             ; --                ; --               ;
; SLD_NODE_CREATOR_ID                 ; 110                                                                              ; --             ; --                ; LEDs_Measurement ;
; SLD_NODE_ENTITY_NAME                ; sld_signaltap                                                                    ; --             ; --                ; LEDs_Measurement ;
; SLD_NODE_PARAMETER_ASSIGNMENT       ; SLD_RAM_BLOCK_TYPE=AUTO                                                          ; --             ; --                ; LEDs_Measurement ;
; SLD_NODE_PARAMETER_ASSIGNMENT       ; SLD_DATA_BITS=2                                                                  ; --             ; --                ; LEDs_Measurement ;
; SLD_NODE_PARAMETER_ASSIGNMENT       ; SLD_TRIGGER_BITS=2                                                               ; --             ; --                ; LEDs_Measurement ;
; SLD_NODE_PARAMETER_ASSIGNMENT       ; SLD_STORAGE_QUALIFIER_BITS=2                                                     ; --             ; --                ; LEDs_Measurement ;
; SLD_NODE_PARAMETER_ASSIGNMENT       ; SLD_NODE_INFO=805334528                                                          ; --             ; --                ; LEDs_Measurement ;
; SLD_NODE_PARAMETER_ASSIGNMENT       ; SLD_POWER_UP_TRIGGER=0                                                           ; --             ; --                ; LEDs_Measurement ;
; SLD_NODE_PARAMETER_ASSIGNMENT       ; SLD_INVERSION_MASK=00000000000000000000000000000                                 ; --             ; --                ; LEDs_Measurement ;
; SLD_NODE_PARAMETER_ASSIGNMENT       ; SLD_INVERSION_MASK_LENGTH=29                                                     ; --             ; --                ; LEDs_Measurement ;
; SLD_NODE_PARAMETER_ASSIGNMENT       ; SLD_STORAGE_QUALIFIER_INVERSION_MASK_LENGTH=0                                    ; --             ; --                ; LEDs_Measurement ;
; SLD_NODE_PARAMETER_ASSIGNMENT       ; SLD_SEGMENT_SIZE=32768                                                           ; --             ; --                ; LEDs_Measurement ;
; SLD_NODE_PARAMETER_ASSIGNMENT       ; SLD_ATTRIBUTE_MEM_MODE=OFF                                                       ; --             ; --                ; LEDs_Measurement ;
; SLD_NODE_PARAMETER_ASSIGNMENT       ; SLD_STATE_FLOW_USE_GENERATED=0                                                   ; --             ; --                ; LEDs_Measurement ;
; SLD_NODE_PARAMETER_ASSIGNMENT       ; SLD_STATE_BITS=11                                                                ; --             ; --                ; LEDs_Measurement ;
; SLD_NODE_PARAMETER_ASSIGNMENT       ; SLD_BUFFER_FULL_STOP=1                                                           ; --             ; --                ; LEDs_Measurement ;
; SLD_NODE_PARAMETER_ASSIGNMENT       ; SLD_CURRENT_RESOURCE_WIDTH=1                                                     ; --             ; --                ; LEDs_Measurement ;
; SLD_NODE_PARAMETER_ASSIGNMENT       ; SLD_INCREMENTAL_ROUTING=1                                                        ; --             ; --                ; LEDs_Measurement ;
; SLD_NODE_PARAMETER_ASSIGNMENT       ; SLD_TRIGGER_LEVEL=1                                                              ; --             ; --                ; LEDs_Measurement ;
; SLD_NODE_PARAMETER_ASSIGNMENT       ; SLD_SAMPLE_DEPTH=32768                                                           ; --             ; --                ; LEDs_Measurement ;
; SLD_NODE_PARAMETER_ASSIGNMENT       ; SLD_TRIGGER_IN_ENABLED=0                                                         ; --             ; --                ; LEDs_Measurement ;
; SLD_NODE_PARAMETER_ASSIGNMENT       ; SLD_TRIGGER_PIPELINE=0                                                           ; --             ; --                ; LEDs_Measurement ;
; SLD_NODE_PARAMETER_ASSIGNMENT       ; SLD_RAM_PIPELINE=0                                                               ; --             ; --                ; LEDs_Measurement ;
; SLD_NODE_PARAMETER_ASSIGNMENT       ; SLD_COUNTER_PIPELINE=0                                                           ; --             ; --                ; LEDs_Measurement ;
; SLD_NODE_PARAMETER_ASSIGNMENT       ; SLD_ADVANCED_TRIGGER_ENTITY=sld_reserved_multiprocessor_LEDs_Measurement_1_b2ec, ; --             ; --                ; LEDs_Measurement ;
; SLD_NODE_PARAMETER_ASSIGNMENT       ; SLD_TRIGGER_LEVEL_PIPELINE=1                                                     ; --             ; --                ; LEDs_Measurement ;
; SLD_NODE_PARAMETER_ASSIGNMENT       ; SLD_ENABLE_ADVANCED_TRIGGER=1                                                    ; --             ; --                ; LEDs_Measurement ;
; TOP_LEVEL_ENTITY                    ; DE1_SoC_top_level                                                                ; multiprocessor ; --                ; --               ;
; USE_SIGNALTAP_FILE                  ; output_files/LEDs_Measurement.stp                                                ; --             ; --                ; --               ;
+-------------------------------------+----------------------------------------------------------------------------------+----------------+-------------------+------------------+


+--------------------------------------------------------------------------------------------------------------------------+
; Flow Elapsed Time                                                                                                        ;
+----------------------+--------------+-------------------------+---------------------+------------------------------------+
; Module Name          ; Elapsed Time ; Average Processors Used ; Peak Virtual Memory ; Total CPU Time (on all processors) ;
+----------------------+--------------+-------------------------+---------------------+------------------------------------+
; Analysis & Synthesis ; 00:03:06     ; 1.1                     ; 1389 MB             ; 00:03:06                           ;
; Fitter               ; 00:06:31     ; 1.1                     ; 2411 MB             ; 00:07:33                           ;
; Assembler            ; 00:00:31     ; 1.0                     ; 1096 MB             ; 00:00:26                           ;
; Timing Analyzer      ; 00:00:47     ; 1.6                     ; 1368 MB             ; 00:00:58                           ;
; EDA Netlist Writer   ; 00:00:13     ; 1.0                     ; 1321 MB             ; 00:00:11                           ;
; Total                ; 00:11:08     ; --                      ; --                  ; 00:12:14                           ;
+----------------------+--------------+-------------------------+---------------------+------------------------------------+


+----------------------------------------------------------------------------------------+
; Flow OS Summary                                                                        ;
+----------------------+------------------+----------------+------------+----------------+
; Module Name          ; Machine Hostname ; OS Name        ; OS Version ; Processor type ;
+----------------------+------------------+----------------+------------+----------------+
; Analysis & Synthesis ; vm-VirtualBox    ; Ubuntu 18.04.1 ; 18         ; x86_64         ;
; Fitter               ; vm-VirtualBox    ; Ubuntu 18.04.1 ; 18         ; x86_64         ;
; Assembler            ; vm-VirtualBox    ; Ubuntu 18.04.1 ; 18         ; x86_64         ;
; Timing Analyzer      ; vm-VirtualBox    ; Ubuntu 18.04.1 ; 18         ; x86_64         ;
; EDA Netlist Writer   ; vm-VirtualBox    ; Ubuntu 18.04.1 ; 18         ; x86_64         ;
+----------------------+------------------+----------------+------------+----------------+


------------
; Flow Log ;
------------
quartus_map --read_settings_files=on --write_settings_files=off multiprocessor -c multiprocessor
quartus_fit --read_settings_files=off --write_settings_files=off multiprocessor -c multiprocessor
quartus_asm --read_settings_files=off --write_settings_files=off multiprocessor -c multiprocessor
quartus_sta multiprocessor -c multiprocessor
quartus_eda --read_settings_files=off --write_settings_files=off multiprocessor -c multiprocessor



