Info: Starting: Create HDL design files for synthesis
Info: qsys-generate /home/vm/CyclonV_RTES_dev/custom_instruction_profiling/hw/quartus/soc_system.qsys --synthesis=VHDL --output-directory=/home/vm/CyclonV_RTES_dev/custom_instruction_profiling/hw/quartus/soc_system/synthesis --family="Cyclone V" --part=5CSEMA5F31C6
Progress: Loading quartus/soc_system.qsys
Progress: Reading input file
Progress: Adding clk_0 [clock_source 18.1]
Progress: Parameterizing module clk_0
Progress: Adding custom_bitswap_0 [custom_bitswap 1.0]
Progress: Parameterizing module custom_bitswap_0
Progress: Adding jtag_uart_0 [altera_avalon_jtag_uart 18.1]
Progress: Parameterizing module jtag_uart_0
Progress: Adding nios2_gen2_0 [altera_nios2_gen2 18.1]
Progress: Parameterizing module nios2_gen2_0
Progress: Adding nios_buttons [altera_avalon_pio 18.1]
Progress: Parameterizing module nios_buttons
Progress: Adding nios_leds [altera_avalon_pio 18.1]
Progress: Parameterizing module nios_leds
Progress: Adding pll_0 [altera_pll 18.1]
Progress: Parameterizing module pll_0
Progress: Adding sdram_controller_0 [altera_avalon_new_sdram_controller 18.1]
Progress: Parameterizing module sdram_controller_0
Progress: Adding swap_accelerator_0 [swap_accelerator 1.0]
Progress: Parameterizing module swap_accelerator_0
Progress: Adding sysid [altera_avalon_sysid_qsys 18.1]
Progress: Parameterizing module sysid
Progress: Adding timer_0 [altera_avalon_timer 18.1]
Progress: Parameterizing module timer_0
Progress: Building connections
Progress: Parameterizing connections
Progress: Validating
Progress: Done reading input file
Info: soc_system.jtag_uart_0: JTAG UART IP input clock need to be at least double (2x) the operating frequency of JTAG TCK on board
Info: soc_system.nios_buttons: PIO inputs are not hardwired in test bench. Undefined values will be read from PIO inputs during simulation.
Info: soc_system.pll_0: The legal reference clock frequency is 5.0 MHz..800.0 MHz
Info: soc_system.pll_0: Able to implement PLL with user settings
Info: soc_system.sdram_controller_0: SDRAM Controller will only be supported in Quartus Prime Standard Edition in the future release.
Info: soc_system.sysid: System ID is not assigned automatically. Edit the System ID parameter to provide a unique ID
Info: soc_system.sysid: Time stamp will be automatically updated when this component is generated.
Info: soc_system: Generating soc_system "soc_system" for QUARTUS_SYNTH
Info: Inserting clock-crossing logic between cmd_demux.src0 and cmd_mux.sink0
Info: Inserting clock-crossing logic between cmd_demux_001.src1 and cmd_mux_001.sink0
Info: Inserting clock-crossing logic between cmd_demux_001.src3 and cmd_mux_003.sink0
Info: Inserting clock-crossing logic between cmd_demux_001.src4 and cmd_mux_004.sink0
Info: Inserting clock-crossing logic between cmd_demux_001.src5 and cmd_mux_005.sink0
Info: Inserting clock-crossing logic between cmd_demux_001.src6 and cmd_mux_006.sink0
Info: Inserting clock-crossing logic between cmd_demux_001.src7 and cmd_mux_007.sink0
Info: Inserting clock-crossing logic between cmd_demux_002.src1 and cmd_mux_001.sink1
Info: Inserting clock-crossing logic between rsp_demux.src0 and rsp_mux.sink0
Info: Inserting clock-crossing logic between rsp_demux_001.src0 and rsp_mux_001.sink1
Info: Inserting clock-crossing logic between rsp_demux_001.src1 and rsp_mux_002.sink1
Info: Inserting clock-crossing logic between rsp_demux_003.src0 and rsp_mux_001.sink3
Info: Inserting clock-crossing logic between rsp_demux_004.src0 and rsp_mux_001.sink4
Info: Inserting clock-crossing logic between rsp_demux_005.src0 and rsp_mux_001.sink5
Info: Inserting clock-crossing logic between rsp_demux_006.src0 and rsp_mux_001.sink6
Info: Inserting clock-crossing logic between rsp_demux_007.src0 and rsp_mux_001.sink7
Info: custom_bitswap_0: "soc_system" instantiated custom_bitswap "custom_bitswap_0"
Info: jtag_uart_0: Starting RTL generation for module 'soc_system_jtag_uart_0'
Info: jtag_uart_0:   Generation command is [exec /opt/intelFPGA/18.1/quartus/linux64/perl/bin/perl -I /opt/intelFPGA/18.1/quartus/linux64/perl/lib -I /opt/intelFPGA/18.1/quartus/sopc_builder/bin/europa -I /opt/intelFPGA/18.1/quartus/sopc_builder/bin/perl_lib -I /opt/intelFPGA/18.1/quartus/sopc_builder/bin -I /opt/intelFPGA/18.1/quartus/../ip/altera/sopc_builder_ip/common -I /opt/intelFPGA/18.1/quartus/../ip/altera/sopc_builder_ip/altera_avalon_jtag_uart -- /opt/intelFPGA/18.1/quartus/../ip/altera/sopc_builder_ip/altera_avalon_jtag_uart/generate_rtl.pl --name=soc_system_jtag_uart_0 --dir=/tmp/alt8379_5756313980358963652.dir/0004_jtag_uart_0_gen/ --quartus_dir=/opt/intelFPGA/18.1/quartus --verilog --config=/tmp/alt8379_5756313980358963652.dir/0004_jtag_uart_0_gen//soc_system_jtag_uart_0_component_configuration.pl  --do_build_sim=0  ]
Info: jtag_uart_0: Done RTL generation for module 'soc_system_jtag_uart_0'
Info: jtag_uart_0: "soc_system" instantiated altera_avalon_jtag_uart "jtag_uart_0"
Info: nios2_gen2_0: "soc_system" instantiated altera_nios2_gen2 "nios2_gen2_0"
Info: nios_buttons: Starting RTL generation for module 'soc_system_nios_buttons'
Info: nios_buttons:   Generation command is [exec /opt/intelFPGA/18.1/quartus/linux64/perl/bin/perl -I /opt/intelFPGA/18.1/quartus/linux64/perl/lib -I /opt/intelFPGA/18.1/quartus/sopc_builder/bin/europa -I /opt/intelFPGA/18.1/quartus/sopc_builder/bin/perl_lib -I /opt/intelFPGA/18.1/quartus/sopc_builder/bin -I /opt/intelFPGA/18.1/quartus/../ip/altera/sopc_builder_ip/common -I /opt/intelFPGA/18.1/quartus/../ip/altera/sopc_builder_ip/altera_avalon_pio -- /opt/intelFPGA/18.1/quartus/../ip/altera/sopc_builder_ip/altera_avalon_pio/generate_rtl.pl --name=soc_system_nios_buttons --dir=/tmp/alt8379_5756313980358963652.dir/0005_nios_buttons_gen/ --quartus_dir=/opt/intelFPGA/18.1/quartus --verilog --config=/tmp/alt8379_5756313980358963652.dir/0005_nios_buttons_gen//soc_system_nios_buttons_component_configuration.pl  --do_build_sim=0  ]
Info: nios_buttons: Done RTL generation for module 'soc_system_nios_buttons'
Info: nios_buttons: "soc_system" instantiated altera_avalon_pio "nios_buttons"
Info: nios_leds: Starting RTL generation for module 'soc_system_nios_leds'
Info: nios_leds:   Generation command is [exec /opt/intelFPGA/18.1/quartus/linux64/perl/bin/perl -I /opt/intelFPGA/18.1/quartus/linux64/perl/lib -I /opt/intelFPGA/18.1/quartus/sopc_builder/bin/europa -I /opt/intelFPGA/18.1/quartus/sopc_builder/bin/perl_lib -I /opt/intelFPGA/18.1/quartus/sopc_builder/bin -I /opt/intelFPGA/18.1/quartus/../ip/altera/sopc_builder_ip/common -I /opt/intelFPGA/18.1/quartus/../ip/altera/sopc_builder_ip/altera_avalon_pio -- /opt/intelFPGA/18.1/quartus/../ip/altera/sopc_builder_ip/altera_avalon_pio/generate_rtl.pl --name=soc_system_nios_leds --dir=/tmp/alt8379_5756313980358963652.dir/0006_nios_leds_gen/ --quartus_dir=/opt/intelFPGA/18.1/quartus --verilog --config=/tmp/alt8379_5756313980358963652.dir/0006_nios_leds_gen//soc_system_nios_leds_component_configuration.pl  --do_build_sim=0  ]
Info: nios_leds: Done RTL generation for module 'soc_system_nios_leds'
Info: nios_leds: "soc_system" instantiated altera_avalon_pio "nios_leds"
Info: pll_0: "soc_system" instantiated altera_pll "pll_0"
Info: sdram_controller_0: Starting RTL generation for module 'soc_system_sdram_controller_0'
Info: sdram_controller_0:   Generation command is [exec /opt/intelFPGA/18.1/quartus/linux64/perl/bin/perl -I /opt/intelFPGA/18.1/quartus/linux64/perl/lib -I /opt/intelFPGA/18.1/quartus/sopc_builder/bin/europa -I /opt/intelFPGA/18.1/quartus/sopc_builder/bin/perl_lib -I /opt/intelFPGA/18.1/quartus/sopc_builder/bin -I /opt/intelFPGA/18.1/quartus/../ip/altera/sopc_builder_ip/common -I /opt/intelFPGA/18.1/quartus/../ip/altera/sopc_builder_ip/altera_avalon_new_sdram_controller -- /opt/intelFPGA/18.1/quartus/../ip/altera/sopc_builder_ip/altera_avalon_new_sdram_controller/generate_rtl.pl --name=soc_system_sdram_controller_0 --dir=/tmp/alt8379_5756313980358963652.dir/0008_sdram_controller_0_gen/ --quartus_dir=/opt/intelFPGA/18.1/quartus --verilog --config=/tmp/alt8379_5756313980358963652.dir/0008_sdram_controller_0_gen//soc_system_sdram_controller_0_component_configuration.pl  --do_build_sim=0  ]
Info: sdram_controller_0: Done RTL generation for module 'soc_system_sdram_controller_0'
Info: sdram_controller_0: "soc_system" instantiated altera_avalon_new_sdram_controller "sdram_controller_0"
Info: swap_accelerator_0: "soc_system" instantiated swap_accelerator "swap_accelerator_0"
Info: sysid: "soc_system" instantiated altera_avalon_sysid_qsys "sysid"
Info: timer_0: Starting RTL generation for module 'soc_system_timer_0'
Info: timer_0:   Generation command is [exec /opt/intelFPGA/18.1/quartus/linux64//perl/bin/perl -I /opt/intelFPGA/18.1/quartus/linux64//perl/lib -I /opt/intelFPGA/18.1/quartus/sopc_builder/bin/europa -I /opt/intelFPGA/18.1/quartus/sopc_builder/bin/perl_lib -I /opt/intelFPGA/18.1/quartus/sopc_builder/bin -I /opt/intelFPGA/18.1/quartus/../ip/altera/sopc_builder_ip/common -I /opt/intelFPGA/18.1/quartus/../ip/altera/sopc_builder_ip/altera_avalon_timer -- /opt/intelFPGA/18.1/quartus/../ip/altera/sopc_builder_ip/altera_avalon_timer/generate_rtl.pl --name=soc_system_timer_0 --dir=/tmp/alt8379_5756313980358963652.dir/0011_timer_0_gen/ --quartus_dir=/opt/intelFPGA/18.1/quartus --verilog --config=/tmp/alt8379_5756313980358963652.dir/0011_timer_0_gen//soc_system_timer_0_component_configuration.pl  --do_build_sim=0  ]
Info: timer_0: Done RTL generation for module 'soc_system_timer_0'
Info: timer_0: "soc_system" instantiated altera_avalon_timer "timer_0"
Info: nios2_gen2_0_custom_instruction_master_translator: "soc_system" instantiated altera_customins_master_translator "nios2_gen2_0_custom_instruction_master_translator"
Info: nios2_gen2_0_custom_instruction_master_comb_xconnect: "soc_system" instantiated altera_customins_xconnect "nios2_gen2_0_custom_instruction_master_comb_xconnect"
Info: nios2_gen2_0_custom_instruction_master_comb_slave_translator0: "soc_system" instantiated altera_customins_slave_translator "nios2_gen2_0_custom_instruction_master_comb_slave_translator0"
Info: avalon_st_adapter: Inserting error_adapter: error_adapter_0
Info: avalon_st_adapter_001: Inserting error_adapter: error_adapter_0
Info: avalon_st_adapter_002: Inserting error_adapter: error_adapter_0
Info: avalon_st_adapter_003: Inserting error_adapter: error_adapter_0
Info: avalon_st_adapter_004: Inserting error_adapter: error_adapter_0
Info: avalon_st_adapter_005: Inserting error_adapter: error_adapter_0
Info: avalon_st_adapter_006: Inserting error_adapter: error_adapter_0
Info: avalon_st_adapter_007: Inserting error_adapter: error_adapter_0
Info: mm_interconnect_0: "soc_system" instantiated altera_mm_interconnect "mm_interconnect_0"
Info: irq_mapper: "soc_system" instantiated altera_irq_mapper "irq_mapper"
Info: irq_synchronizer: "soc_system" instantiated altera_irq_clock_crosser "irq_synchronizer"
Info: rst_controller: "soc_system" instantiated altera_reset_controller "rst_controller"
Info: cpu: Starting RTL generation for module 'soc_system_nios2_gen2_0_cpu'
Info: cpu:   Generation command is [exec /opt/intelFPGA/18.1/quartus/linux64//eperlcmd -I /opt/intelFPGA/18.1/quartus/linux64//perl/lib -I /opt/intelFPGA/18.1/quartus/sopc_builder/bin/europa -I /opt/intelFPGA/18.1/quartus/sopc_builder/bin/perl_lib -I /opt/intelFPGA/18.1/quartus/sopc_builder/bin -I /opt/intelFPGA/18.1/quartus/../ip/altera/nios2_ip/altera_nios2_gen2/cpu_lib -I /opt/intelFPGA/18.1/quartus/../ip/altera/nios2_ip/altera_nios2_gen2/nios_lib -I /opt/intelFPGA/18.1/quartus/../ip/altera/nios2_ip/altera_nios2_gen2 -I /opt/intelFPGA/18.1/quartus/../ip/altera/nios2_ip/altera_nios2_gen2 -- /opt/intelFPGA/18.1/quartus/../ip/altera/nios2_ip/altera_nios2_gen2/generate_rtl.epl --name=soc_system_nios2_gen2_0_cpu --dir=/tmp/alt8379_5756313980358963652.dir/0018_cpu_gen/ --quartus_bindir=/opt/intelFPGA/18.1/quartus/linux64/ --verilog --config=/tmp/alt8379_5756313980358963652.dir/0018_cpu_gen//soc_system_nios2_gen2_0_cpu_processor_configuration.pl  --do_build_sim=0  ]
Info: cpu: # 2020.04.27 12:50:37 (*) Starting Nios II generation
Info: cpu: # 2020.04.27 12:50:37 (*)   Checking for plaintext license.
Info: cpu: # 2020.04.27 12:50:42 (*)   Plaintext license not found.
Info: cpu: # 2020.04.27 12:50:42 (*)   Checking for encrypted license (non-evaluation).
Info: cpu: # 2020.04.27 12:50:48 (*)   Encrypted license found.  SOF will not be time-limited.
Info: cpu: # 2020.04.27 12:50:48 (*)   Elaborating CPU configuration settings
Info: cpu: # 2020.04.27 12:50:48 (*)   Creating all objects for CPU
Info: cpu: # 2020.04.27 12:50:48 (*)     Testbench
Info: cpu: # 2020.04.27 12:50:48 (*)     Instruction decoding
Info: cpu: # 2020.04.27 12:50:48 (*)       Instruction fields
Info: cpu: # 2020.04.27 12:50:48 (*)       Instruction decodes
Info: cpu: # 2020.04.27 12:50:49 (*)       Signals for RTL simulation waveforms
Info: cpu: # 2020.04.27 12:50:49 (*)       Instruction controls
Info: cpu: # 2020.04.27 12:50:49 (*)     Pipeline frontend
Info: cpu: # 2020.04.27 12:50:49 (*)     Pipeline backend
Info: cpu: # 2020.04.27 12:50:52 (*)   Generating RTL from CPU objects
Info: cpu: # 2020.04.27 12:50:54 (*)   Creating encrypted RTL
Info: cpu: # 2020.04.27 12:50:55 (*) Done Nios II generation
Info: cpu: Done RTL generation for module 'soc_system_nios2_gen2_0_cpu'
Info: cpu: "nios2_gen2_0" instantiated altera_nios2_gen2_unit "cpu"
Info: swap_accelerator_0_avalon_master_translator: "mm_interconnect_0" instantiated altera_merlin_master_translator "swap_accelerator_0_avalon_master_translator"
Info: sdram_controller_0_s1_translator: "mm_interconnect_0" instantiated altera_merlin_slave_translator "sdram_controller_0_s1_translator"
Info: swap_accelerator_0_avalon_master_agent: "mm_interconnect_0" instantiated altera_merlin_master_agent "swap_accelerator_0_avalon_master_agent"
Info: sdram_controller_0_s1_agent: "mm_interconnect_0" instantiated altera_merlin_slave_agent "sdram_controller_0_s1_agent"
Info: sdram_controller_0_s1_agent_rsp_fifo: "mm_interconnect_0" instantiated altera_avalon_sc_fifo "sdram_controller_0_s1_agent_rsp_fifo"
Info: router: "mm_interconnect_0" instantiated altera_merlin_router "router"
Info: router_001: "mm_interconnect_0" instantiated altera_merlin_router "router_001"
Info: router_002: "mm_interconnect_0" instantiated altera_merlin_router "router_002"
Info: router_003: "mm_interconnect_0" instantiated altera_merlin_router "router_003"
Info: router_004: "mm_interconnect_0" instantiated altera_merlin_router "router_004"
Info: router_006: "mm_interconnect_0" instantiated altera_merlin_router "router_006"
Info: nios2_gen2_0_data_master_limiter: "mm_interconnect_0" instantiated altera_merlin_traffic_limiter "nios2_gen2_0_data_master_limiter"
Info: Reusing file /home/vm/CyclonV_RTES_dev/custom_instruction_profiling/hw/quartus/soc_system/synthesis/submodules/altera_avalon_sc_fifo.v
Info: sdram_controller_0_s1_burst_adapter: "mm_interconnect_0" instantiated altera_merlin_burst_adapter "sdram_controller_0_s1_burst_adapter"
Info: Reusing file /home/vm/CyclonV_RTES_dev/custom_instruction_profiling/hw/quartus/soc_system/synthesis/submodules/altera_avalon_st_pipeline_base.v
Info: cmd_demux: "mm_interconnect_0" instantiated altera_merlin_demultiplexer "cmd_demux"
Info: cmd_demux_001: "mm_interconnect_0" instantiated altera_merlin_demultiplexer "cmd_demux_001"
Info: cmd_demux_002: "mm_interconnect_0" instantiated altera_merlin_demultiplexer "cmd_demux_002"
Info: cmd_mux: "mm_interconnect_0" instantiated altera_merlin_multiplexer "cmd_mux"
Info: cmd_mux_001: "mm_interconnect_0" instantiated altera_merlin_multiplexer "cmd_mux_001"
Info: Reusing file /home/vm/CyclonV_RTES_dev/custom_instruction_profiling/hw/quartus/soc_system/synthesis/submodules/altera_merlin_arbitrator.sv
Info: cmd_mux_003: "mm_interconnect_0" instantiated altera_merlin_multiplexer "cmd_mux_003"
Info: Reusing file /home/vm/CyclonV_RTES_dev/custom_instruction_profiling/hw/quartus/soc_system/synthesis/submodules/altera_merlin_arbitrator.sv
Info: rsp_demux: "mm_interconnect_0" instantiated altera_merlin_demultiplexer "rsp_demux"
Info: rsp_demux_001: "mm_interconnect_0" instantiated altera_merlin_demultiplexer "rsp_demux_001"
Info: rsp_demux_002: "mm_interconnect_0" instantiated altera_merlin_demultiplexer "rsp_demux_002"
Info: rsp_mux: "mm_interconnect_0" instantiated altera_merlin_multiplexer "rsp_mux"
Info: Reusing file /home/vm/CyclonV_RTES_dev/custom_instruction_profiling/hw/quartus/soc_system/synthesis/submodules/altera_merlin_arbitrator.sv
Info: rsp_mux_001: "mm_interconnect_0" instantiated altera_merlin_multiplexer "rsp_mux_001"
Info: Reusing file /home/vm/CyclonV_RTES_dev/custom_instruction_profiling/hw/quartus/soc_system/synthesis/submodules/altera_merlin_arbitrator.sv
Info: rsp_mux_002: "mm_interconnect_0" instantiated altera_merlin_multiplexer "rsp_mux_002"
Info: Reusing file /home/vm/CyclonV_RTES_dev/custom_instruction_profiling/hw/quartus/soc_system/synthesis/submodules/altera_merlin_arbitrator.sv
Info: sdram_controller_0_s1_rsp_width_adapter: "mm_interconnect_0" instantiated altera_merlin_width_adapter "sdram_controller_0_s1_rsp_width_adapter"
Info: Reusing file /home/vm/CyclonV_RTES_dev/custom_instruction_profiling/hw/quartus/soc_system/synthesis/submodules/altera_merlin_address_alignment.sv
Info: Reusing file /home/vm/CyclonV_RTES_dev/custom_instruction_profiling/hw/quartus/soc_system/synthesis/submodules/altera_merlin_burst_uncompressor.sv
Info: crosser: "mm_interconnect_0" instantiated altera_avalon_st_handshake_clock_crosser "crosser"
Info: Reusing file /home/vm/CyclonV_RTES_dev/custom_instruction_profiling/hw/quartus/soc_system/synthesis/submodules/altera_avalon_st_pipeline_base.v
Info: avalon_st_adapter: "mm_interconnect_0" instantiated altera_avalon_st_adapter "avalon_st_adapter"
Info: avalon_st_adapter_001: "mm_interconnect_0" instantiated altera_avalon_st_adapter "avalon_st_adapter_001"
Info: error_adapter_0: "avalon_st_adapter" instantiated error_adapter "error_adapter_0"
Info: error_adapter_0: "avalon_st_adapter_001" instantiated error_adapter "error_adapter_0"
Info: soc_system: Done "soc_system" with 50 modules, 84 files
Info: qsys-generate succeeded.
Info: Finished: Create HDL design files for synthesis
